<?xml version="1.0" encoding="UTF-8"?>
<testng-results ignored="0" total="1" passed="1" failed="0" skipped="0">
  <reporter-output>
  </reporter-output>
  <suite started-at="2022-11-09T12:35:35 CET" name="Default suite" finished-at="2022-11-09T12:35:43 CET" duration-ms="8415">
    <groups>
    </groups>
    <test started-at="2022-11-09T12:35:35 CET" name="Default test" finished-at="2022-11-09T12:35:43 CET" duration-ms="8415">
      <class name="tests.OpenTwitterTest">
        <test-method is-config="true" signature="OpenChrome()[pri:0, instance:tests.OpenTwitterTest@12468a38]" started-at="2022-11-09T12:35:35 CET" name="OpenChrome" finished-at="2022-11-09T12:35:40 CET" duration-ms="4895" status="PASS">
          <reporter-output>
          </reporter-output>
        </test-method> <!-- OpenChrome -->
        <test-method signature="Login()[pri:0, instance:tests.OpenTwitterTest@12468a38]" started-at="2022-11-09T12:35:40 CET" name="Login" finished-at="2022-11-09T12:35:42 CET" duration-ms="1725" status="PASS">
          <reporter-output>
          </reporter-output>
        </test-method> <!-- Login -->
        <test-method is-config="true" signature="terminateBrowser()[pri:0, instance:tests.OpenTwitterTest@12468a38]" started-at="2022-11-09T12:35:42 CET" name="terminateBrowser" finished-at="2022-11-09T12:35:43 CET" duration-ms="1729" status="PASS">
          <reporter-output>
          </reporter-output>
        </test-method> <!-- terminateBrowser -->
      </class> <!-- tests.OpenTwitterTest -->
    </test> <!-- Default test -->
  </suite> <!-- Default suite -->
</testng-results>
